[0m09:48:11.833781 [debug] [MainThread]: Sending event: {'category': 'dbt', 'action': 'invocation', 'label': 'start', 'context': [<snowplow_tracker.self_describing_json.SelfDescribingJson object at 0x000001B4FE5B0A70>, <snowplow_tracker.self_describing_json.SelfDescribingJson object at 0x000001B4FE308200>, <snowplow_tracker.self_describing_json.SelfDescribingJson object at 0x000001B4FC777D40>]}


============================== 09:48:11.841789 | 62cddf6c-93c2-44aa-8698-3f90590d33bd ==============================
[0m09:48:11.841789 [info ] [MainThread]: Running with dbt=1.9.2
[0m09:48:11.842821 [debug] [MainThread]: running dbt with arguments {'printer_width': '80', 'indirect_selection': 'eager', 'log_cache_events': 'False', 'write_json': 'True', 'partial_parse': 'True', 'cache_selected_only': 'False', 'profiles_dir': 'C:\\Users\\sande\\.dbt', 'fail_fast': 'False', 'warn_error': 'None', 'log_path': 'logs', 'version_check': 'True', 'debug': 'False', 'use_colors': 'True', 'use_experimental_parser': 'False', 'empty': 'None', 'quiet': 'False', 'no_print': 'None', 'warn_error_options': 'WarnErrorOptions(include=[], exclude=[])', 'introspect': 'True', 'static_parser': 'True', 'invocation_command': 'dbt init', 'target_path': 'None', 'log_format': 'default', 'send_anonymous_usage_stats': 'True'}
[0m09:48:17.926147 [debug] [MainThread]: Starter project path: f:\git\dbtbigpackage\.venv\Lib\site-packages\dbt\include\starter_project
[0m09:48:17.956532 [info ] [MainThread]: 
Your new dbt project "dbtbigpackage" was created!

For more information on how to configure the profiles.yml file,
please consult the dbt documentation here:

  https://docs.getdbt.com/docs/configure-your-profile

One more thing:

Need help? Don't hesitate to reach out to us via GitHub issues or on Slack:

  https://community.getdbt.com/

Happy modeling!

[0m09:48:17.958533 [info ] [MainThread]: Setting up your profile.
[0m09:48:17.960815 [error] [MainThread]: Encountered an error:
Runtime Error
  No adapters available. Learn how to install an adapter by going to https://docs.getdbt.com/docs/connect-adapters#install-using-the-cli
[0m09:48:17.963975 [debug] [MainThread]: Command `dbt init` failed at 09:48:17.962971 after 6.30 seconds
[0m09:48:17.963975 [debug] [MainThread]: Sending event: {'category': 'dbt', 'action': 'invocation', 'label': 'end', 'context': [<snowplow_tracker.self_describing_json.SelfDescribingJson object at 0x000001B4FE043290>, <snowplow_tracker.self_describing_json.SelfDescribingJson object at 0x000001B4FEBAFAA0>, <snowplow_tracker.self_describing_json.SelfDescribingJson object at 0x000001B4FE8F50A0>]}
[0m09:48:17.964973 [debug] [MainThread]: Flushing usage events
[0m09:48:18.394345 [debug] [MainThread]: An error was encountered while trying to flush usage events
[0m09:49:37.793776 [debug] [MainThread]: Sending event: {'category': 'dbt', 'action': 'invocation', 'label': 'start', 'context': [<snowplow_tracker.self_describing_json.SelfDescribingJson object at 0x000001BB91862C00>, <snowplow_tracker.self_describing_json.SelfDescribingJson object at 0x000001BB91F22990>, <snowplow_tracker.self_describing_json.SelfDescribingJson object at 0x000001BB91659F70>]}


============================== 09:49:37.800448 | 8879957c-d1fc-4dc2-a26e-b638b4acc3f1 ==============================
[0m09:49:37.800448 [info ] [MainThread]: Running with dbt=1.8.9
[0m09:49:37.801468 [debug] [MainThread]: running dbt with arguments {'printer_width': '80', 'indirect_selection': 'eager', 'log_cache_events': 'False', 'write_json': 'True', 'partial_parse': 'True', 'cache_selected_only': 'False', 'profiles_dir': 'C:\\Users\\sande\\.dbt', 'version_check': 'True', 'debug': 'False', 'log_path': 'logs', 'fail_fast': 'False', 'warn_error': 'None', 'use_colors': 'True', 'use_experimental_parser': 'False', 'empty': 'None', 'quiet': 'False', 'no_print': 'None', 'log_format': 'default', 'introspect': 'True', 'static_parser': 'True', 'warn_error_options': 'WarnErrorOptions(include=[], exclude=[])', 'target_path': 'None', 'invocation_command': 'dbt init', 'send_anonymous_usage_stats': 'True'}
[0m09:49:43.351068 [info ] [MainThread]: A project called dbtbigpackage already exists here.
[0m09:49:43.353507 [debug] [MainThread]: Command `dbt init` succeeded at 09:49:43.353507 after 5.70 seconds
[0m09:49:43.354508 [debug] [MainThread]: Sending event: {'category': 'dbt', 'action': 'invocation', 'label': 'end', 'context': [<snowplow_tracker.self_describing_json.SelfDescribingJson object at 0x000001BB915E6F60>, <snowplow_tracker.self_describing_json.SelfDescribingJson object at 0x000001BB9237C8F0>, <snowplow_tracker.self_describing_json.SelfDescribingJson object at 0x000001BB92789A90>]}
[0m09:49:43.355557 [debug] [MainThread]: Flushing usage events
